Using pre-set license
Built from '2020.3/staging' branch; Version is '2020.3.20f1 (41c4e627c95f) revision 4310246'; Using compiler version '192528614'; Build Type 'Release'
OS: 'Windows 10 Pro; OS build 19044.1586; Version 2009; 64bit' Language: 'tr' Physical Memory: 16301 MB
BatchMode: 1, IsHumanControllingUs: 0, StartBugReporterOnCrash: 0, Is64bit: 1, IsPro: 0

COMMAND LINE ARGUMENTS:
E:\UnityEditor\2020.3.20f1\Editor\Unity.exe
-adb2
-batchMode
-noUpm
-name
AssetImportWorker0
-projectPath
C:/Users/90535/Desktop/Sarper/Ufiles/scripting/final
-logFile
Logs/AssetImportWorker0.log
-srvPort
57730
Successfully changed project path to: C:/Users/90535/Desktop/Sarper/Ufiles/scripting/final
C:/Users/90535/Desktop/Sarper/Ufiles/scripting/final
Using Asset Import Pipeline V2.
Refreshing native plugins compatible for Editor in 20.01 ms, found 0 plugins.
Preloading 0 native plugins for Editor in 0.00 ms.
Initialize engine version: 2020.3.20f1 (41c4e627c95f)
[Subsystems] Discovering subsystems at path E:/UnityEditor/2020.3.20f1/Editor/Data/Resources/UnitySubsystems
[Subsystems] Discovering subsystems at path C:/Users/90535/Desktop/Sarper/Ufiles/scripting/final/Assets
GfxDevice: creating device client; threaded=0
Direct3D:
    Version:  Direct3D 11.0 [level 11.1]
    Renderer: NVIDIA GeForce RTX 2070 (ID=0x1f07)
    Vendor:   
    VRAM:     8031 MB
    Driver:   30.0.15.1123
Initialize mono
Mono path[0] = 'E:/UnityEditor/2020.3.20f1/Editor/Data/Managed'
Mono path[1] = 'E:/UnityEditor/2020.3.20f1/Editor/Data/MonoBleedingEdge/lib/mono/unityjit'
Mono config path = 'E:/UnityEditor/2020.3.20f1/Editor/Data/MonoBleedingEdge/etc'
Using monoOptions --debugger-agent=transport=dt_socket,embedding=1,server=y,suspend=n,address=127.0.0.1:56228
Begin MonoManager ReloadAssembly
Registering precompiled unity dll's ...
Register platform support module: E:/UnityEditor/2020.3.20f1/Editor/Data/PlaybackEngines/WindowsStandaloneSupport/UnityEditor.WindowsStandalone.Extensions.dll
Registered in 0.000906 seconds.
Native extension for WindowsStandalone target not found
Refreshing native plugins compatible for Editor in 17.50 ms, found 0 plugins.
Preloading 0 native plugins for Editor in 0.00 ms.
Mono: successfully reloaded assembly
- Completed reload, in  0.857 seconds
Domain Reload Profiling:
	ReloadAssembly (857ms)
		BeginReloadAssembly (49ms)
			ExecutionOrderSort (0ms)
			DisableScriptedObjects (0ms)
			BackupInstance (0ms)
			ReleaseScriptingObjects (0ms)
			CreateAndSetChildDomain (1ms)
		EndReloadAssembly (354ms)
			LoadAssemblies (48ms)
			RebuildTransferFunctionScriptingTraits (0ms)
			SetupTypeCache (135ms)
			ReleaseScriptCaches (0ms)
			RebuildScriptCaches (27ms)
			SetupLoadedEditorAssemblies (133ms)
				LogAssemblyErrors (0ms)
				InitializePlatformSupportModulesInManaged (3ms)
				SetLoadedEditorAssemblies (0ms)
				RefreshPlugins (18ms)
				BeforeProcessingInitializeOnLoad (15ms)
				ProcessInitializeOnLoadAttributes (71ms)
				ProcessInitializeOnLoadMethodAttributes (25ms)
				AfterProcessingInitializeOnLoad (0ms)
				EditorAssembliesLoaded (0ms)
			ExecutionOrderSort2 (0ms)
			AwakeInstancesAfterBackupRestoration (0ms)
Platform modules already initialized, skipping
Registering precompiled user dll's ...
Registered in 0.000707 seconds.
Begin MonoManager ReloadAssembly
Native extension for WindowsStandalone target not found
Refreshing native plugins compatible for Editor in 0.22 ms, found 0 plugins.
Preloading 0 native plugins for Editor in 0.00 ms.
Mono: successfully reloaded assembly
- Completed reload, in  0.686 seconds
Domain Reload Profiling:
	ReloadAssembly (686ms)
		BeginReloadAssembly (121ms)
			ExecutionOrderSort (0ms)
			DisableScriptedObjects (4ms)
			BackupInstance (0ms)
			ReleaseScriptingObjects (0ms)
			CreateAndSetChildDomain (16ms)
		EndReloadAssembly (515ms)
			LoadAssemblies (69ms)
			RebuildTransferFunctionScriptingTraits (0ms)
			SetupTypeCache (166ms)
			ReleaseScriptCaches (0ms)
			RebuildScriptCaches (32ms)
			SetupLoadedEditorAssemblies (161ms)
				LogAssemblyErrors (0ms)
				InitializePlatformSupportModulesInManaged (4ms)
				SetLoadedEditorAssemblies (0ms)
				RefreshPlugins (0ms)
				BeforeProcessingInitializeOnLoad (54ms)
				ProcessInitializeOnLoadAttributes (92ms)
				ProcessInitializeOnLoadMethodAttributes (9ms)
				AfterProcessingInitializeOnLoad (2ms)
				EditorAssembliesLoaded (0ms)
			ExecutionOrderSort2 (0ms)
			AwakeInstancesAfterBackupRestoration (8ms)
Platform modules already initialized, skipping
========================================================================
Worker process is ready to serve import requests
Launched and connected shader compiler UnityShaderCompiler.exe after 0.07 seconds
Refreshing native plugins compatible for Editor in 0.10 ms, found 0 plugins.
Preloading 0 native plugins for Editor in 0.00 ms.
Unloading 656 Unused Serialized files (Serialized files now loaded: 0)
System memory in use before: 42.3 MB.
System memory in use after: 42.3 MB.

Unloading 13 unused Assets to reduce memory usage. Loaded Objects now: 1103.
Total: 2.639000 ms (FindLiveObjects: 0.123300 ms CreateObjectMapping: 0.030200 ms MarkObjects: 2.424400 ms  DeleteObjects: 0.060000 ms)

AssetImportParameters requested are different than current active one (requested -> active):
  custom:framework-win-MediaFoundation: 216162199b28c13a410421893ffa2e32 -> 
  custom:video-decoder-ogg-theora: a1e56fd34408186e4bbccfd4996cb3dc -> 
  custom:container-muxer-webm: aa71ff27fc2769a1b78a27578f13a17b -> 
  custom:container-demuxer-webm: 4f35f7cbe854078d1ac9338744f61a02 -> 
  custom:container-demuxer-ogg: 62fdf1f143b41e24485cea50d1cbac27 -> 
  custom:video-encoder-webm-vp8: eb34c28f22e8b96e1ab97ce403110664 -> 
  custom:video-decoder-webm-vp8: 9c59270c3fd7afecdb556c50c9e8de78 -> 
  custom:audio-decoder-ogg-vorbis: bf7c407c2cedff20999df2af8eb42d56 -> 
  custom:audio-encoder-webm-vorbis: bf7c407c2cedff20999df2af8eb42d56 -> 
========================================================================
Received Import Request.
  path: Assets/RW/Scripts/DestroyTimer.cs
  artifactKey: Guid(51b934c5b0645cd4092b10179735ecb6) Importer(815301076,1909f56bfc062723c751e8b465ee728b)
Start importing Assets/RW/Scripts/DestroyTimer.cs using Guid(51b934c5b0645cd4092b10179735ecb6) Importer(815301076,1909f56bfc062723c751e8b465ee728b)  -> (artifact id: '7d24eb400894d7b1611619fac09d403b') in 0.041404 seconds 
  Import took 0.042591 seconds .

========================================================================
Received Import Request.
  Time since last request: 0.011305 seconds.
  path: Assets/RW/Scripts/HayMachine.cs
  artifactKey: Guid(e43170fe8eaccc642be67f8cea5a59b2) Importer(815301076,1909f56bfc062723c751e8b465ee728b)
Start importing Assets/RW/Scripts/HayMachine.cs using Guid(e43170fe8eaccc642be67f8cea5a59b2) Importer(815301076,1909f56bfc062723c751e8b465ee728b)  -> (artifact id: 'e5b85de9b1debee4cac070aa802dcec3') in 0.006498 seconds 
  Import took 0.007469 seconds .

========================================================================
Received Import Request.
  Time since last request: 5.694776 seconds.
  path: Assets/RW/Scripts/Move.cs
  artifactKey: Guid(4c22a4f2875e75b4b9a7a08b8eade1b1) Importer(815301076,1909f56bfc062723c751e8b465ee728b)
Start importing Assets/RW/Scripts/Move.cs using Guid(4c22a4f2875e75b4b9a7a08b8eade1b1) Importer(815301076,1909f56bfc062723c751e8b465ee728b)  -> (artifact id: 'e3744c1d466a3ec02dbee10529ceba44') in 0.005399 seconds 
  Import took 0.006429 seconds .

========================================================================
Received Import Request.
  Time since last request: 2.951625 seconds.
  path: Assets/RW/Scripts/Rotate.cs
  artifactKey: Guid(f8c164400dd46d940b1feb09e0425f83) Importer(815301076,1909f56bfc062723c751e8b465ee728b)
Start importing Assets/RW/Scripts/Rotate.cs using Guid(f8c164400dd46d940b1feb09e0425f83) Importer(815301076,1909f56bfc062723c751e8b465ee728b)  -> (artifact id: '60b109b19572032f8030f0cbf5eb3731') in 0.005780 seconds 
  Import took 0.006844 seconds .

========================================================================
Received Import Request.
  Time since last request: 1.899648 seconds.
  path: Assets/RW/Scripts/Sheep.cs
  artifactKey: Guid(0b941d2f945d0ba46b12bed8d559dc7b) Importer(815301076,1909f56bfc062723c751e8b465ee728b)
Start importing Assets/RW/Scripts/Sheep.cs using Guid(0b941d2f945d0ba46b12bed8d559dc7b) Importer(815301076,1909f56bfc062723c751e8b465ee728b)  -> (artifact id: '32188721578a5c7b7b916b2b02a708c6') in 0.004292 seconds 
  Import took 0.005318 seconds .

========================================================================
Received Import Request.
  Time since last request: 4.617993 seconds.
  path: Assets/RW/Scripts/SheepSpawner.cs
  artifactKey: Guid(6ab0006af00ef0c429131661c72d93a1) Importer(815301076,1909f56bfc062723c751e8b465ee728b)
Start importing Assets/RW/Scripts/SheepSpawner.cs using Guid(6ab0006af00ef0c429131661c72d93a1) Importer(815301076,1909f56bfc062723c751e8b465ee728b)  -> (artifact id: 'ba29116ccadfabae65ba0b3355725c4e') in 0.006650 seconds 
  Import took 0.007741 seconds .

========================================================================
Received Import Request.
  Time since last request: 3.288736 seconds.
  path: Assets/RW/Scripts/TweenScale.cs
  artifactKey: Guid(30a68bb184cb84a43a0cb4cc5641acdc) Importer(815301076,1909f56bfc062723c751e8b465ee728b)
Start importing Assets/RW/Scripts/TweenScale.cs using Guid(30a68bb184cb84a43a0cb4cc5641acdc) Importer(815301076,1909f56bfc062723c751e8b465ee728b)  -> (artifact id: '487f621611503a777a404ba39d33ab06') in 0.005278 seconds 
  Import took 0.006408 seconds .

========================================================================
Received Import Request.
  Time since last request: 9.692698 seconds.
  path: Assets/RW/Scripts/Managers
  artifactKey: Guid(5b1c5674fe6ede442861a67302eabc21) Importer(815301076,1909f56bfc062723c751e8b465ee728b)
Start importing Assets/RW/Scripts/Managers using Guid(5b1c5674fe6ede442861a67302eabc21) Importer(815301076,1909f56bfc062723c751e8b465ee728b)  -> (artifact id: '208dcc07447ed729f106ddadb893e928') in 0.004948 seconds 
  Import took 0.005900 seconds .

========================================================================
Received Import Request.
  Time since last request: 1.687864 seconds.
  path: Assets/RW/Scripts/Managers/GameStateManager.cs
  artifactKey: Guid(9e74c31dd9294fa499c9490c2b152516) Importer(815301076,1909f56bfc062723c751e8b465ee728b)
Start importing Assets/RW/Scripts/Managers/GameStateManager.cs using Guid(9e74c31dd9294fa499c9490c2b152516) Importer(815301076,1909f56bfc062723c751e8b465ee728b)  -> (artifact id: 'e7f595915561e7e2ec4b0a5ca74502de') in 0.004303 seconds 
  Import took 0.005497 seconds .

========================================================================
Received Import Request.
  Time since last request: 42.915229 seconds.
  path: Assets/RW/Scripts/Managers/SoundManager.cs
  artifactKey: Guid(dc4a30280827f7949a2b9fd9d00ba94d) Importer(815301076,1909f56bfc062723c751e8b465ee728b)
Start importing Assets/RW/Scripts/Managers/SoundManager.cs using Guid(dc4a30280827f7949a2b9fd9d00ba94d) Importer(815301076,1909f56bfc062723c751e8b465ee728b)  -> (artifact id: '7e545f7edf6d4e0a75e472578154110d') in 0.010414 seconds 
  Import took 0.011959 seconds .

========================================================================
Received Import Request.
  Time since last request: 14.021805 seconds.
  path: Assets/RW/Scripts/Managers/UIManager.cs
  artifactKey: Guid(816d1d3c71da85e4d85303fef8fc00c3) Importer(815301076,1909f56bfc062723c751e8b465ee728b)
Start importing Assets/RW/Scripts/Managers/UIManager.cs using Guid(816d1d3c71da85e4d85303fef8fc00c3) Importer(815301076,1909f56bfc062723c751e8b465ee728b)  -> (artifact id: '9b52346321c45b71d2f86f40d4d53500') in 0.004892 seconds 
  Import took 0.005912 seconds .

========================================================================
Received Import Request.
  Time since last request: 13.785331 seconds.
  path: Assets/RW/Scripts/Shared
  artifactKey: Guid(0fd90bd8210fbbb49815147130982b0a) Importer(815301076,1909f56bfc062723c751e8b465ee728b)
Start importing Assets/RW/Scripts/Shared using Guid(0fd90bd8210fbbb49815147130982b0a) Importer(815301076,1909f56bfc062723c751e8b465ee728b)  -> (artifact id: '0848efc2b10a83cbedeb18be193dec89') in 0.004805 seconds 
  Import took 0.005750 seconds .

========================================================================
Received Import Request.
  Time since last request: 0.978930 seconds.
  path: Assets/RW/Scripts/Shared/GameSettings.cs
  artifactKey: Guid(be6caabfdb02e0848adfbe60b5fdbb88) Importer(815301076,1909f56bfc062723c751e8b465ee728b)
Start importing Assets/RW/Scripts/Shared/GameSettings.cs using Guid(be6caabfdb02e0848adfbe60b5fdbb88) Importer(815301076,1909f56bfc062723c751e8b465ee728b)  -> (artifact id: '088b19b506d0445b75c57453e07e9e64') in 0.005032 seconds 
  Import took 0.005991 seconds .

========================================================================
Received Import Request.
  Time since last request: 12.822872 seconds.
  path: Assets/RW/Scripts/Shared/HayMachineColor.cs
  artifactKey: Guid(e76f37afe3b591e41b2155ad70927494) Importer(815301076,1909f56bfc062723c751e8b465ee728b)
Start importing Assets/RW/Scripts/Shared/HayMachineColor.cs using Guid(e76f37afe3b591e41b2155ad70927494) Importer(815301076,1909f56bfc062723c751e8b465ee728b)  -> (artifact id: 'e9d2eede990897aeba0c9184e13df1e0') in 0.031549 seconds 
  Import took 0.032744 seconds .

========================================================================
Received Import Request.
  Time since last request: 11.040813 seconds.
  path: Assets/RW/Scripts/Title
  artifactKey: Guid(63a57dd08788a5e4b82ddea95f355e81) Importer(815301076,1909f56bfc062723c751e8b465ee728b)
Start importing Assets/RW/Scripts/Title using Guid(63a57dd08788a5e4b82ddea95f355e81) Importer(815301076,1909f56bfc062723c751e8b465ee728b)  -> (artifact id: '34705046fb30160bea1712a15cf31c16') in 0.005647 seconds 
  Import took 0.006596 seconds .

========================================================================
Received Import Request.
  Time since last request: 0.836763 seconds.
  path: Assets/RW/Scripts/Title/ChangeColorOnMouseOver.cs
  artifactKey: Guid(77d37c1caf3adfd4fb8517bdafeca380) Importer(815301076,1909f56bfc062723c751e8b465ee728b)
Start importing Assets/RW/Scripts/Title/ChangeColorOnMouseOver.cs using Guid(77d37c1caf3adfd4fb8517bdafeca380) Importer(815301076,1909f56bfc062723c751e8b465ee728b)  -> (artifact id: '3fe5b4d939af70e95cc27a4c2545f31a') in 0.006336 seconds 
  Import took 0.007384 seconds .

========================================================================
Received Import Request.
  Time since last request: 6.537756 seconds.
  path: Assets/RW/Scripts/Title/HayMachineSwitcher.cs
  artifactKey: Guid(53d32f03b04c5f948a37c5273ace955d) Importer(815301076,1909f56bfc062723c751e8b465ee728b)
Start importing Assets/RW/Scripts/Title/HayMachineSwitcher.cs using Guid(53d32f03b04c5f948a37c5273ace955d) Importer(815301076,1909f56bfc062723c751e8b465ee728b)  -> (artifact id: '9424242edc1ac198394f0d9cd9415bba') in 0.004625 seconds 
  Import took 0.005554 seconds .

========================================================================
Received Import Request.
  Time since last request: 7.203243 seconds.
  path: Assets/RW/Scripts/Title/QuitButton.cs
  artifactKey: Guid(981d0a8ee2aa3b344939d8d638c9fb46) Importer(815301076,1909f56bfc062723c751e8b465ee728b)
Start importing Assets/RW/Scripts/Title/QuitButton.cs using Guid(981d0a8ee2aa3b344939d8d638c9fb46) Importer(815301076,1909f56bfc062723c751e8b465ee728b)  -> (artifact id: 'e4290adb0c5d555070530251c1f07d8d') in 0.004512 seconds 
  Import took 0.005456 seconds .

========================================================================
Received Import Request.
  Time since last request: 6.736265 seconds.
  path: Assets/RW/Scripts/Title/StartButton.cs
  artifactKey: Guid(d93461065aef0b047b0d22e1871ab8b0) Importer(815301076,1909f56bfc062723c751e8b465ee728b)
Start importing Assets/RW/Scripts/Title/StartButton.cs using Guid(d93461065aef0b047b0d22e1871ab8b0) Importer(815301076,1909f56bfc062723c751e8b465ee728b)  -> (artifact id: '78c5fbef606bce18a1a213df15698867') in 0.004657 seconds 
  Import took 0.005713 seconds .

========================================================================
Received Prepare
Registering precompiled user dll's ...
Registered in 0.000501 seconds.
Begin MonoManager ReloadAssembly
Native extension for WindowsStandalone target not found
Refreshing native plugins compatible for Editor in 0.10 ms, found 0 plugins.
Preloading 0 native plugins for Editor in 0.00 ms.
Mono: successfully reloaded assembly
- Completed reload, in  0.676 seconds
Domain Reload Profiling:
	ReloadAssembly (676ms)
		BeginReloadAssembly (99ms)
			ExecutionOrderSort (0ms)
			DisableScriptedObjects (9ms)
			BackupInstance (0ms)
			ReleaseScriptingObjects (0ms)
			CreateAndSetChildDomain (20ms)
		EndReloadAssembly (510ms)
			LoadAssemblies (81ms)
			RebuildTransferFunctionScriptingTraits (0ms)
			SetupTypeCache (162ms)
			ReleaseScriptCaches (0ms)
			RebuildScriptCaches (29ms)
			SetupLoadedEditorAssemblies (158ms)
				LogAssemblyErrors (0ms)
				InitializePlatformSupportModulesInManaged (4ms)
				SetLoadedEditorAssemblies (0ms)
				RefreshPlugins (0ms)
				BeforeProcessingInitializeOnLoad (50ms)
				ProcessInitializeOnLoadAttributes (95ms)
				ProcessInitializeOnLoadMethodAttributes (6ms)
				AfterProcessingInitializeOnLoad (2ms)
				EditorAssembliesLoaded (0ms)
			ExecutionOrderSort2 (0ms)
			AwakeInstancesAfterBackupRestoration (6ms)
Platform modules already initialized, skipping
Refreshing native plugins compatible for Editor in 0.10 ms, found 0 plugins.
Preloading 0 native plugins for Editor in 0.00 ms.
Unloading 651 Unused Serialized files (Serialized files now loaded: 0)
System memory in use before: 42.2 MB.
System memory in use after: 42.3 MB.

Unloading 4 unused Assets to reduce memory usage. Loaded Objects now: 1105.
Total: 1.751300 ms (FindLiveObjects: 0.071200 ms CreateObjectMapping: 0.015300 ms MarkObjects: 1.650800 ms  DeleteObjects: 0.013300 ms)

AssetImportParameters requested are different than current active one (requested -> active):
  custom:framework-win-MediaFoundation: 216162199b28c13a410421893ffa2e32 -> 
  custom:video-decoder-ogg-theora: a1e56fd34408186e4bbccfd4996cb3dc -> 
  custom:container-muxer-webm: aa71ff27fc2769a1b78a27578f13a17b -> 
  custom:container-demuxer-webm: 4f35f7cbe854078d1ac9338744f61a02 -> 
  custom:container-demuxer-ogg: 62fdf1f143b41e24485cea50d1cbac27 -> 
  custom:video-encoder-webm-vp8: eb34c28f22e8b96e1ab97ce403110664 -> 
  custom:video-decoder-webm-vp8: 9c59270c3fd7afecdb556c50c9e8de78 -> 
  custom:audio-decoder-ogg-vorbis: bf7c407c2cedff20999df2af8eb42d56 -> 
  custom:audio-encoder-webm-vorbis: bf7c407c2cedff20999df2af8eb42d56 -> 
========================================================================
Received Prepare
Registering precompiled user dll's ...
Registered in 0.000461 seconds.
Begin MonoManager ReloadAssembly
Native extension for WindowsStandalone target not found
Refreshing native plugins compatible for Editor in 0.10 ms, found 0 plugins.
Preloading 0 native plugins for Editor in 0.00 ms.
Mono: successfully reloaded assembly
- Completed reload, in  0.601 seconds
Domain Reload Profiling:
	ReloadAssembly (602ms)
		BeginReloadAssembly (84ms)
			ExecutionOrderSort (0ms)
			DisableScriptedObjects (5ms)
			BackupInstance (0ms)
			ReleaseScriptingObjects (0ms)
			CreateAndSetChildDomain (17ms)
		EndReloadAssembly (469ms)
			LoadAssemblies (66ms)
			RebuildTransferFunctionScriptingTraits (0ms)
			SetupTypeCache (144ms)
			ReleaseScriptCaches (0ms)
			RebuildScriptCaches (29ms)
			SetupLoadedEditorAssemblies (154ms)
				LogAssemblyErrors (0ms)
				InitializePlatformSupportModulesInManaged (4ms)
				SetLoadedEditorAssemblies (0ms)
				RefreshPlugins (0ms)
				BeforeProcessingInitializeOnLoad (52ms)
				ProcessInitializeOnLoadAttributes (90ms)
				ProcessInitializeOnLoadMethodAttributes (6ms)
				AfterProcessingInitializeOnLoad (2ms)
				EditorAssembliesLoaded (0ms)
			ExecutionOrderSort2 (0ms)
			AwakeInstancesAfterBackupRestoration (6ms)
Platform modules already initialized, skipping
Refreshing native plugins compatible for Editor in 0.10 ms, found 0 plugins.
Preloading 0 native plugins for Editor in 0.00 ms.
Unloading 651 Unused Serialized files (Serialized files now loaded: 0)
System memory in use before: 42.2 MB.
System memory in use after: 42.3 MB.

Unloading 4 unused Assets to reduce memory usage. Loaded Objects now: 1107.
Total: 1.912200 ms (FindLiveObjects: 0.071500 ms CreateObjectMapping: 0.014500 ms MarkObjects: 1.816600 ms  DeleteObjects: 0.009100 ms)

AssetImportParameters requested are different than current active one (requested -> active):
  custom:framework-win-MediaFoundation: 216162199b28c13a410421893ffa2e32 -> 
  custom:video-decoder-ogg-theora: a1e56fd34408186e4bbccfd4996cb3dc -> 
  custom:container-muxer-webm: aa71ff27fc2769a1b78a27578f13a17b -> 
  custom:container-demuxer-webm: 4f35f7cbe854078d1ac9338744f61a02 -> 
  custom:container-demuxer-ogg: 62fdf1f143b41e24485cea50d1cbac27 -> 
  custom:video-encoder-webm-vp8: eb34c28f22e8b96e1ab97ce403110664 -> 
  custom:video-decoder-webm-vp8: 9c59270c3fd7afecdb556c50c9e8de78 -> 
  custom:audio-decoder-ogg-vorbis: bf7c407c2cedff20999df2af8eb42d56 -> 
  custom:audio-encoder-webm-vorbis: bf7c407c2cedff20999df2af8eb42d56 -> 
========================================================================
Received Import Request.
  Time since last request: 40.216215 seconds.
  path: Assets/RW/Scripts/Shared/HayMachineColor.cs
  artifactKey: Guid(e76f37afe3b591e41b2155ad70927494) Importer(815301076,1909f56bfc062723c751e8b465ee728b)
Start importing Assets/RW/Scripts/Shared/HayMachineColor.cs using Guid(e76f37afe3b591e41b2155ad70927494) Importer(815301076,1909f56bfc062723c751e8b465ee728b)  -> (artifact id: 'fbe0aa20166d856c068cd89354a00339') in 0.003376 seconds 
  Import took 0.004406 seconds .

========================================================================
Received Import Request.
  Time since last request: 3.725249 seconds.
  path: Assets/RW/Scripts/Title/ChangeColorOnMouseOver.cs
  artifactKey: Guid(77d37c1caf3adfd4fb8517bdafeca380) Importer(815301076,1909f56bfc062723c751e8b465ee728b)
Start importing Assets/RW/Scripts/Title/ChangeColorOnMouseOver.cs using Guid(77d37c1caf3adfd4fb8517bdafeca380) Importer(815301076,1909f56bfc062723c751e8b465ee728b)  -> (artifact id: 'd4004dceb017631cc74d2f31708154e5') in 0.002037 seconds 
  Import took 0.002933 seconds .

========================================================================
Received Import Request.
  Time since last request: 2.182781 seconds.
  path: Assets/RW/Scripts/Title/HayMachineSwitcher.cs
  artifactKey: Guid(53d32f03b04c5f948a37c5273ace955d) Importer(815301076,1909f56bfc062723c751e8b465ee728b)
Start importing Assets/RW/Scripts/Title/HayMachineSwitcher.cs using Guid(53d32f03b04c5f948a37c5273ace955d) Importer(815301076,1909f56bfc062723c751e8b465ee728b)  -> (artifact id: 'e5ce0bf4da9777dd4c4d18c7aa0da5f8') in 0.002222 seconds 
  Import took 0.003160 seconds .

========================================================================
Received Import Request.
  Time since last request: 1.524835 seconds.
  path: Assets/RW/Scripts/Title/QuitButton.cs
  artifactKey: Guid(981d0a8ee2aa3b344939d8d638c9fb46) Importer(815301076,1909f56bfc062723c751e8b465ee728b)
Start importing Assets/RW/Scripts/Title/QuitButton.cs using Guid(981d0a8ee2aa3b344939d8d638c9fb46) Importer(815301076,1909f56bfc062723c751e8b465ee728b)  -> (artifact id: '98e67d4201ef03966867857a2bc1e877') in 0.001986 seconds 
  Import took 0.003218 seconds .

========================================================================
Received Import Request.
  Time since last request: 1.422493 seconds.
  path: Assets/RW/Scripts/Title/StartButton.cs
  artifactKey: Guid(d93461065aef0b047b0d22e1871ab8b0) Importer(815301076,1909f56bfc062723c751e8b465ee728b)
Start importing Assets/RW/Scripts/Title/StartButton.cs using Guid(d93461065aef0b047b0d22e1871ab8b0) Importer(815301076,1909f56bfc062723c751e8b465ee728b)  -> (artifact id: '5a728f3e821a79f5648af37959bef85b') in 0.002038 seconds 
  Import took 0.003203 seconds .

========================================================================
Received Prepare
Registering precompiled user dll's ...
Registered in 0.000469 seconds.
Begin MonoManager ReloadAssembly
Native extension for WindowsStandalone target not found
Refreshing native plugins compatible for Editor in 0.10 ms, found 0 plugins.
Preloading 0 native plugins for Editor in 0.00 ms.
Mono: successfully reloaded assembly
- Completed reload, in  0.606 seconds
Domain Reload Profiling:
	ReloadAssembly (606ms)
		BeginReloadAssembly (88ms)
			ExecutionOrderSort (0ms)
			DisableScriptedObjects (5ms)
			BackupInstance (0ms)
			ReleaseScriptingObjects (0ms)
			CreateAndSetChildDomain (17ms)
		EndReloadAssembly (469ms)
			LoadAssemblies (63ms)
			RebuildTransferFunctionScriptingTraits (0ms)
			SetupTypeCache (148ms)
			ReleaseScriptCaches (0ms)
			RebuildScriptCaches (28ms)
			SetupLoadedEditorAssemblies (150ms)
				LogAssemblyErrors (0ms)
				InitializePlatformSupportModulesInManaged (4ms)
				SetLoadedEditorAssemblies (0ms)
				RefreshPlugins (0ms)
				BeforeProcessingInitializeOnLoad (49ms)
				ProcessInitializeOnLoadAttributes (88ms)
				ProcessInitializeOnLoadMethodAttributes (6ms)
				AfterProcessingInitializeOnLoad (2ms)
				EditorAssembliesLoaded (0ms)
			ExecutionOrderSort2 (0ms)
			AwakeInstancesAfterBackupRestoration (6ms)
Platform modules already initialized, skipping
Refreshing native plugins compatible for Editor in 0.10 ms, found 0 plugins.
Preloading 0 native plugins for Editor in 0.00 ms.
Unloading 651 Unused Serialized files (Serialized files now loaded: 0)
System memory in use before: 42.3 MB.
System memory in use after: 42.3 MB.

Unloading 4 unused Assets to reduce memory usage. Loaded Objects now: 1109.
Total: 1.766600 ms (FindLiveObjects: 0.063700 ms CreateObjectMapping: 0.015400 ms MarkObjects: 1.677500 ms  DeleteObjects: 0.009400 ms)

AssetImportParameters requested are different than current active one (requested -> active):
  custom:framework-win-MediaFoundation: 216162199b28c13a410421893ffa2e32 -> 
  custom:video-decoder-ogg-theora: a1e56fd34408186e4bbccfd4996cb3dc -> 
  custom:container-muxer-webm: aa71ff27fc2769a1b78a27578f13a17b -> 
  custom:container-demuxer-webm: 4f35f7cbe854078d1ac9338744f61a02 -> 
  custom:container-demuxer-ogg: 62fdf1f143b41e24485cea50d1cbac27 -> 
  custom:video-encoder-webm-vp8: eb34c28f22e8b96e1ab97ce403110664 -> 
  custom:video-decoder-webm-vp8: 9c59270c3fd7afecdb556c50c9e8de78 -> 
  custom:audio-decoder-ogg-vorbis: bf7c407c2cedff20999df2af8eb42d56 -> 
  custom:audio-encoder-webm-vorbis: bf7c407c2cedff20999df2af8eb42d56 -> 
========================================================================
Received Prepare
Registering precompiled user dll's ...
Registered in 0.000451 seconds.
Begin MonoManager ReloadAssembly
Native extension for WindowsStandalone target not found
Refreshing native plugins compatible for Editor in 0.10 ms, found 0 plugins.
Preloading 0 native plugins for Editor in 0.00 ms.
Mono: successfully reloaded assembly
- Completed reload, in  0.576 seconds
Domain Reload Profiling:
	ReloadAssembly (576ms)
		BeginReloadAssembly (78ms)
			ExecutionOrderSort (0ms)
			DisableScriptedObjects (5ms)
			BackupInstance (0ms)
			ReleaseScriptingObjects (0ms)
			CreateAndSetChildDomain (16ms)
		EndReloadAssembly (452ms)
			LoadAssemblies (60ms)
			RebuildTransferFunctionScriptingTraits (0ms)
			SetupTypeCache (141ms)
			ReleaseScriptCaches (0ms)
			RebuildScriptCaches (28ms)
			SetupLoadedEditorAssemblies (146ms)
				LogAssemblyErrors (0ms)
				InitializePlatformSupportModulesInManaged (4ms)
				SetLoadedEditorAssemblies (0ms)
				RefreshPlugins (0ms)
				BeforeProcessingInitializeOnLoad (48ms)
				ProcessInitializeOnLoadAttributes (86ms)
				ProcessInitializeOnLoadMethodAttributes (6ms)
				AfterProcessingInitializeOnLoad (2ms)
				EditorAssembliesLoaded (0ms)
			ExecutionOrderSort2 (0ms)
			AwakeInstancesAfterBackupRestoration (6ms)
Platform modules already initialized, skipping
Refreshing native plugins compatible for Editor in 0.10 ms, found 0 plugins.
Preloading 0 native plugins for Editor in 0.00 ms.
Unloading 651 Unused Serialized files (Serialized files now loaded: 0)
System memory in use before: 42.2 MB.
System memory in use after: 42.3 MB.

Unloading 4 unused Assets to reduce memory usage. Loaded Objects now: 1111.
Total: 1.659100 ms (FindLiveObjects: 0.062800 ms CreateObjectMapping: 0.015000 ms MarkObjects: 1.572100 ms  DeleteObjects: 0.008600 ms)

AssetImportParameters requested are different than current active one (requested -> active):
  custom:framework-win-MediaFoundation: 216162199b28c13a410421893ffa2e32 -> 
  custom:video-decoder-ogg-theora: a1e56fd34408186e4bbccfd4996cb3dc -> 
  custom:container-muxer-webm: aa71ff27fc2769a1b78a27578f13a17b -> 
  custom:container-demuxer-webm: 4f35f7cbe854078d1ac9338744f61a02 -> 
  custom:container-demuxer-ogg: 62fdf1f143b41e24485cea50d1cbac27 -> 
  custom:video-encoder-webm-vp8: eb34c28f22e8b96e1ab97ce403110664 -> 
  custom:video-decoder-webm-vp8: 9c59270c3fd7afecdb556c50c9e8de78 -> 
  custom:audio-decoder-ogg-vorbis: bf7c407c2cedff20999df2af8eb42d56 -> 
  custom:audio-encoder-webm-vorbis: bf7c407c2cedff20999df2af8eb42d56 -> 
AssetImportWorkerClient::OnTransportError - code=2 error=End of file
